{
"contracts\\ethereum\\BitcoinSprintEntropy.sol":{"l":{"87":17,"88":16,"92":66,"93":66,"94":66,"95":66,"101":16,"103":14,"104":13,"106":12,"108":12,"122":12,"123":12,"125":12,"126":12,"131":0,"136":7,"137":7,"138":7,"139":7,"140":7,"151":9,"152":8,"153":8,"154":7,"155":6,"158":5,"159":5,"161":5,"162":4,"165":4,"168":4,"169":4,"170":4,"171":4,"174":4,"175":4,"176":4,"177":4,"181":4,"186":5,"187":4,"188":4,"189":3,"190":3,"191":3,"194":2,"195":2,"196":2,"197":2,"199":2,"200":2,"203":2,"209":3,"210":2,"211":2,"212":1,"213":0,"217":0,"218":0,"219":0,"220":0,"223":0,"227":0,"234":0,"235":0,"236":0,"240":0,"245":0,"246":0,"247":0,"248":0,"249":0,"250":0,"255":1,"256":0,"257":0,"261":0,"262":0,"266":2,"267":1,"268":1,"269":1,"273":0,"274":0,"279":2,"280":2,"281":1,"282":1,"283":1,"284":0,"289":0,"290":0,"291":0,"292":0,"293":0,"294":0,"295":0,"297":0,"298":0,"306":1,"307":1,"308":0,"309":0,"310":0,"315":0,"319":0,"324":0,"327":0},"path":"C:\\Projects 2\\Bitcoin_Sprint_Production_2\\contracts\\ethereum\\BitcoinSprintEntropy.sol","s":{"1":17,"2":66,"3":66,"4":16,"5":14,"6":13,"7":12,"8":12,"9":12,"10":12,"11":0,"12":7,"13":7,"14":7,"15":7,"16":9,"17":8,"18":8,"19":7,"20":6,"21":5,"22":5,"23":5,"24":4,"25":4,"26":4,"27":4,"28":5,"29":4,"30":4,"31":3,"32":3,"33":3,"34":2,"35":2,"36":2,"37":2,"38":2,"39":3,"40":2,"41":2,"42":1,"43":0,"44":0,"45":0,"46":0,"47":0,"48":0,"49":0,"50":0,"51":0,"52":0,"53":0,"54":0,"55":0,"56":0,"57":0,"58":0,"59":0,"60":0,"61":1,"62":0,"63":0,"64":2,"65":1,"66":1,"67":0,"68":2,"69":2,"70":1,"71":1,"72":0,"73":0,"74":0,"75":0,"76":0,"77":0,"78":0,"79":0,"80":1,"81":1,"82":0,"83":0,"84":0,"85":0},"b":{"1":[1,16],"2":[0,66],"3":[16,0],"4":[16,0],"5":[2,14],"6":[1,1],"7":[1,13],"8":[1,12],"9":[7,0],"10":[7,0],"11":[0,7],"12":[0,0],"13":[0,7],"14":[0,0],"15":[0,7],"16":[9,1],"17":[9,0],"18":[1,8],"19":[0,1],"20":[1,7],"21":[1,6],"22":[1,5],"23":[1,4],"24":[0,4],"25":[4,0],"26":[5,0],"27":[5,0],"28":[1,4],"29":[0,1],"30":[1,3],"31":[0,3],"32":[0,3],"33":[1,2],"34":[2,0],"35":[0,2],"36":[1,2],"37":[0,1],"38":[1,1],"39":[1,0],"40":[0,0],"41":[0,0],"42":[0,0],"43":[0,0],"44":[0,0],"45":[0,0],"46":[0,0],"47":[0,0],"48":[0,0],"49":[0,0],"50":[1,1],"51":[1,0],"52":[0,0],"53":[2,1],"54":[1,1],"55":[0,0],"56":[0,0],"57":[0,0],"58":[2,1],"59":[2,0],"60":[1,1],"61":[1,0],"62":[0,0],"63":[0,0],"64":[0,0],"65":[0,0],"66":[1,0],"67":[1,0],"68":[0,0],"69":[0,0],"70":[0,0]},"f":{"1":17,"2":66,"3":16,"4":0,"5":7,"6":9,"7":5,"8":3,"9":0,"10":0,"11":0,"12":0,"13":0,"14":0,"15":1,"16":0,"17":2,"18":0,"19":2,"20":0,"21":1,"22":0,"23":0,"24":0},"fnMap":{"1":{"name":"onlyAuthorizedFulfiller","line":86,"loc":{"start":{"line":86,"column":4},"end":{"line":89,"column":4}}},"2":{"name":"constructor","line":91,"loc":{"start":{"line":91,"column":4},"end":{"line":96,"column":4}}},"3":{"name":"requestEntropy","line":100,"loc":{"start":{"line":100,"column":4},"end":{"line":127,"column":4}}},"4":{"name":"getRequiredPayment","line":130,"loc":{"start":{"line":130,"column":4},"end":{"line":132,"column":4}}},"5":{"name":"postFulfillerCommit","line":135,"loc":{"start":{"line":135,"column":4},"end":{"line":141,"column":4}}},"6":{"name":"revealAndFulfill","line":150,"loc":{"start":{"line":145,"column":4},"end":{"line":182,"column":4}}},"7":{"name":"requestRefund","line":185,"loc":{"start":{"line":185,"column":4},"end":{"line":204,"column":4}}},"8":{"name":"getEntropyCommitment","line":208,"loc":{"start":{"line":208,"column":4},"end":{"line":214,"column":4}}},"9":{"name":"canRefund","line":216,"loc":{"start":{"line":216,"column":4},"end":{"line":221,"column":4}}},"10":{"name":"getUserRequests","line":222,"loc":{"start":{"line":222,"column":4},"end":{"line":224,"column":4}}},"11":{"name":"getContractStats","line":226,"loc":{"start":{"line":226,"column":4},"end":{"line":228,"column":4}}},"12":{"name":"getRequestMeta","line":230,"loc":{"start":{"line":230,"column":4},"end":{"line":237,"column":4}}},"13":{"name":"escrowBalanceOf","line":239,"loc":{"start":{"line":239,"column":4},"end":{"line":241,"column":4}}},"14":{"name":"sweepStray","line":244,"loc":{"start":{"line":244,"column":4},"end":{"line":251,"column":4}}},"15":{"name":"addAuthorizedFulfiller","line":254,"loc":{"start":{"line":254,"column":4},"end":{"line":258,"column":4}}},"16":{"name":"removeAuthorizedFulfiller","line":260,"loc":{"start":{"line":260,"column":4},"end":{"line":263,"column":4}}},"17":{"name":"updateTreasury","line":265,"loc":{"start":{"line":265,"column":4},"end":{"line":270,"column":4}}},"18":{"name":"updateFulfillmentTimeout","line":272,"loc":{"start":{"line":272,"column":4},"end":{"line":275,"column":4}}},"19":{"name":"withdrawTreasury","line":278,"loc":{"start":{"line":278,"column":4},"end":{"line":285,"column":4}}},"20":{"name":"releaseRefunds","line":288,"loc":{"start":{"line":288,"column":4},"end":{"line":302,"column":4}}},"21":{"name":"withdrawPayments","line":305,"loc":{"start":{"line":305,"column":4},"end":{"line":311,"column":4}}},"22":{"name":"pause","line":314,"loc":{"start":{"line":314,"column":4},"end":{"line":316,"column":4}}},"23":{"name":"unpause","line":318,"loc":{"start":{"line":318,"column":4},"end":{"line":320,"column":4}}},"24":{"name":null,"line":326,"loc":{"start":{"line":326,"column":4},"end":{"line":328,"column":4}}}},"statementMap":{"1":{"start":{"line":87,"column":8},"end":{"line":87,"column":96}},"2":{"start":{"line":92,"column":8},"end":{"line":92,"column":61}},"3":{"start":{"line":95,"column":8},"end":{"line":95,"column":49}},"4":{"start":{"line":101,"column":8},"end":{"line":101,"column":68}},"5":{"start":{"line":103,"column":8},"end":{"line":103,"column":65}},"6":{"start":{"line":104,"column":8},"end":{"line":104,"column":64}},"7":{"start":{"line":106,"column":8},"end":{"line":106,"column":42}},"8":{"start":{"line":122,"column":8},"end":{"line":122,"column":47}},"9":{"start":{"line":125,"column":8},"end":{"line":125,"column":88}},"10":{"start":{"line":126,"column":8},"end":{"line":126,"column":24}},"11":{"start":{"line":131,"column":8},"end":{"line":131,"column":28}},"12":{"start":{"line":136,"column":8},"end":{"line":136,"column":81}},"13":{"start":{"line":137,"column":8},"end":{"line":137,"column":54}},"14":{"start":{"line":138,"column":8},"end":{"line":138,"column":64}},"15":{"start":{"line":139,"column":8},"end":{"line":139,"column":70}},"16":{"start":{"line":151,"column":8},"end":{"line":151,"column":81}},"17":{"start":{"line":152,"column":8},"end":{"line":152,"column":54}},"18":{"start":{"line":153,"column":8},"end":{"line":153,"column":50}},"19":{"start":{"line":154,"column":8},"end":{"line":154,"column":48}},"20":{"start":{"line":155,"column":8},"end":{"line":155,"column":62}},"21":{"start":{"line":158,"column":8},"end":{"line":158,"column":78}},"22":{"start":{"line":159,"column":8},"end":{"line":159,"column":88}},"23":{"start":{"line":161,"column":8},"end":{"line":161,"column":103}},"24":{"start":{"line":162,"column":8},"end":{"line":162,"column":83}},"25":{"start":{"line":174,"column":8},"end":{"line":174,"column":31}},"26":{"start":{"line":175,"column":8},"end":{"line":175,"column":7966}},"27":{"start":{"line":181,"column":8},"end":{"line":181,"column":86}},"28":{"start":{"line":186,"column":8},"end":{"line":186,"column":81}},"29":{"start":{"line":187,"column":8},"end":{"line":187,"column":54}},"30":{"start":{"line":188,"column":8},"end":{"line":188,"column":61}},"31":{"start":{"line":189,"column":8},"end":{"line":189,"column":50}},"32":{"start":{"line":190,"column":8},"end":{"line":190,"column":48}},"33":{"start":{"line":191,"column":8},"end":{"line":191,"column":90}},"34":{"start":{"line":195,"column":8},"end":{"line":195,"column":40}},"35":{"start":{"line":196,"column":8},"end":{"line":196,"column":9001}},"36":{"start":{"line":199,"column":12},"end":{"line":199,"column":75}},"37":{"start":{"line":200,"column":12},"end":{"line":200,"column":44}},"38":{"start":{"line":203,"column":8},"end":{"line":203,"column":63}},"39":{"start":{"line":209,"column":8},"end":{"line":209,"column":81}},"40":{"start":{"line":210,"column":8},"end":{"line":210,"column":54}},"41":{"start":{"line":211,"column":8},"end":{"line":211,"column":47}},"42":{"start":{"line":212,"column":8},"end":{"line":212,"column":89}},"43":{"start":{"line":213,"column":8},"end":{"line":213,"column":33}},"44":{"start":{"line":217,"column":8},"end":{"line":217,"column":68}},"45":{"start":{"line":217,"column":56},"end":{"line":217,"column":68}},"46":{"start":{"line":218,"column":8},"end":{"line":218,"column":54}},"47":{"start":{"line":219,"column":8},"end":{"line":219,"column":51}},"48":{"start":{"line":219,"column":39},"end":{"line":219,"column":51}},"49":{"start":{"line":220,"column":8},"end":{"line":220,"column":66}},"50":{"start":{"line":223,"column":8},"end":{"line":223,"column":33}},"51":{"start":{"line":227,"column":8},"end":{"line":227,"column":115}},"52":{"start":{"line":234,"column":8},"end":{"line":234,"column":67}},"53":{"start":{"line":235,"column":8},"end":{"line":235,"column":47}},"54":{"start":{"line":236,"column":8},"end":{"line":236,"column":92}},"55":{"start":{"line":240,"column":8},"end":{"line":240,"column":25}},"56":{"start":{"line":245,"column":8},"end":{"line":245,"column":34}},"57":{"start":{"line":246,"column":8},"end":{"line":246,"column":41}},"58":{"start":{"line":248,"column":8},"end":{"line":248,"column":51}},"59":{"start":{"line":249,"column":8},"end":{"line":249,"column":40}},"60":{"start":{"line":250,"column":8},"end":{"line":250,"column":45}},"61":{"start":{"line":255,"column":8},"end":{"line":255,"column":60}},"62":{"start":{"line":257,"column":8},"end":{"line":257,"column":48}},"63":{"start":{"line":262,"column":8},"end":{"line":262,"column":50}},"64":{"start":{"line":266,"column":8},"end":{"line":266,"column":62}},"65":{"start":{"line":267,"column":8},"end":{"line":267,"column":30}},"66":{"start":{"line":269,"column":8},"end":{"line":269,"column":46}},"67":{"start":{"line":273,"column":8},"end":{"line":273,"column":73}},"68":{"start":{"line":279,"column":8},"end":{"line":279,"column":37}},"69":{"start":{"line":280,"column":8},"end":{"line":280,"column":41}},"70":{"start":{"line":282,"column":8},"end":{"line":282,"column":51}},"71":{"start":{"line":283,"column":8},"end":{"line":283,"column":40}},"72":{"start":{"line":284,"column":8},"end":{"line":284,"column":45}},"73":{"start":{"line":289,"column":8},"end":{"line":289,"column":33}},"74":{"start":{"line":290,"column":8},"end":{"line":290,"column":13190}},"75":{"start":{"line":291,"column":12},"end":{"line":291,"column":37}},"76":{"start":{"line":292,"column":12},"end":{"line":292,"column":43}},"77":{"start":{"line":293,"column":12},"end":{"line":293,"column":13327}},"78":{"start":{"line":295,"column":16},"end":{"line":295,"column":68}},"79":{"start":{"line":297,"column":16},"end":{"line":297,"column":13536}},"80":{"start":{"line":306,"column":8},"end":{"line":306,"column":45}},"81":{"start":{"line":307,"column":8},"end":{"line":307,"column":45}},"82":{"start":{"line":309,"column":8},"end":{"line":309,"column":66}},"83":{"start":{"line":310,"column":8},"end":{"line":310,"column":40}},"84":{"start":{"line":315,"column":8},"end":{"line":315,"column":15}},"85":{"start":{"line":319,"column":8},"end":{"line":319,"column":17}}},"branchMap":{"1":{"line":87,"type":"if","locations":[{"start":{"line":87,"column":8},"end":{"line":87,"column":8}},{"start":{"line":87,"column":8},"end":{"line":87,"column":8}}]},"2":{"line":92,"type":"if","locations":[{"start":{"line":92,"column":8},"end":{"line":92,"column":8}},{"start":{"line":92,"column":8},"end":{"line":92,"column":8}}]},"3":{"line":100,"type":"if","locations":[{"start":{"line":100,"column":84},"end":{"line":100,"column":84}},{"start":{"line":100,"column":84},"end":{"line":100,"column":84}}]},"4":{"line":100,"type":"if","locations":[{"start":{"line":100,"column":98},"end":{"line":100,"column":98}},{"start":{"line":100,"column":98},"end":{"line":100,"column":98}}]},"5":{"line":101,"type":"if","locations":[{"start":{"line":101,"column":8},"end":{"line":101,"column":8}},{"start":{"line":101,"column":8},"end":{"line":101,"column":8}}]},"6":{"line":101,"type":"cond-expr","locations":[{"start":{"line":101,"column":12},"end":{"line":101,"column":26}},{"start":{"line":101,"column":31},"end":{"line":101,"column":45}}]},"7":{"line":103,"type":"if","locations":[{"start":{"line":103,"column":8},"end":{"line":103,"column":8}},{"start":{"line":103,"column":8},"end":{"line":103,"column":8}}]},"8":{"line":104,"type":"if","locations":[{"start":{"line":104,"column":8},"end":{"line":104,"column":8}},{"start":{"line":104,"column":8},"end":{"line":104,"column":8}}]},"9":{"line":135,"type":"if","locations":[{"start":{"line":135,"column":86},"end":{"line":135,"column":86}},{"start":{"line":135,"column":86},"end":{"line":135,"column":86}}]},"10":{"line":135,"type":"if","locations":[{"start":{"line":135,"column":110},"end":{"line":135,"column":110}},{"start":{"line":135,"column":110},"end":{"line":135,"column":110}}]},"11":{"line":136,"type":"if","locations":[{"start":{"line":136,"column":8},"end":{"line":136,"column":8}},{"start":{"line":136,"column":8},"end":{"line":136,"column":8}}]},"12":{"line":136,"type":"cond-expr","locations":[{"start":{"line":136,"column":12},"end":{"line":136,"column":25}},{"start":{"line":136,"column":30},"end":{"line":136,"column":53}}]},"13":{"line":138,"type":"if","locations":[{"start":{"line":138,"column":8},"end":{"line":138,"column":8}},{"start":{"line":138,"column":8},"end":{"line":138,"column":8}}]},"14":{"line":138,"type":"cond-expr","locations":[{"start":{"line":138,"column":12},"end":{"line":138,"column":22}},{"start":{"line":138,"column":27},"end":{"line":138,"column":36}}]},"15":{"line":139,"type":"if","locations":[{"start":{"line":139,"column":8},"end":{"line":139,"column":8}},{"start":{"line":139,"column":8},"end":{"line":139,"column":8}}]},"16":{"line":150,"type":"if","locations":[{"start":{"line":150,"column":15},"end":{"line":150,"column":15}},{"start":{"line":150,"column":15},"end":{"line":150,"column":15}}]},"17":{"line":150,"type":"if","locations":[{"start":{"line":150,"column":39},"end":{"line":150,"column":39}},{"start":{"line":150,"column":39},"end":{"line":150,"column":39}}]},"18":{"line":151,"type":"if","locations":[{"start":{"line":151,"column":8},"end":{"line":151,"column":8}},{"start":{"line":151,"column":8},"end":{"line":151,"column":8}}]},"19":{"line":151,"type":"cond-expr","locations":[{"start":{"line":151,"column":12},"end":{"line":151,"column":25}},{"start":{"line":151,"column":30},"end":{"line":151,"column":53}}]},"20":{"line":153,"type":"if","locations":[{"start":{"line":153,"column":8},"end":{"line":153,"column":8}},{"start":{"line":153,"column":8},"end":{"line":153,"column":8}}]},"21":{"line":154,"type":"if","locations":[{"start":{"line":154,"column":8},"end":{"line":154,"column":8}},{"start":{"line":154,"column":8},"end":{"line":154,"column":8}}]},"22":{"line":155,"type":"if","locations":[{"start":{"line":155,"column":8},"end":{"line":155,"column":8}},{"start":{"line":155,"column":8},"end":{"line":155,"column":8}}]},"23":{"line":161,"type":"if","locations":[{"start":{"line":161,"column":8},"end":{"line":161,"column":8}},{"start":{"line":161,"column":8},"end":{"line":161,"column":8}}]},"24":{"line":162,"type":"if","locations":[{"start":{"line":162,"column":8},"end":{"line":162,"column":8}},{"start":{"line":162,"column":8},"end":{"line":162,"column":8}}]},"25":{"line":175,"type":"if","locations":[{"start":{"line":175,"column":8},"end":{"line":175,"column":8}},{"start":{"line":175,"column":8},"end":{"line":175,"column":8}}]},"26":{"line":185,"type":"if","locations":[{"start":{"line":185,"column":55},"end":{"line":185,"column":55}},{"start":{"line":185,"column":55},"end":{"line":185,"column":55}}]},"27":{"line":185,"type":"if","locations":[{"start":{"line":185,"column":69},"end":{"line":185,"column":69}},{"start":{"line":185,"column":69},"end":{"line":185,"column":69}}]},"28":{"line":186,"type":"if","locations":[{"start":{"line":186,"column":8},"end":{"line":186,"column":8}},{"start":{"line":186,"column":8},"end":{"line":186,"column":8}}]},"29":{"line":186,"type":"cond-expr","locations":[{"start":{"line":186,"column":12},"end":{"line":186,"column":25}},{"start":{"line":186,"column":30},"end":{"line":186,"column":53}}]},"30":{"line":188,"type":"if","locations":[{"start":{"line":188,"column":8},"end":{"line":188,"column":8}},{"start":{"line":188,"column":8},"end":{"line":188,"column":8}}]},"31":{"line":189,"type":"if","locations":[{"start":{"line":189,"column":8},"end":{"line":189,"column":8}},{"start":{"line":189,"column":8},"end":{"line":189,"column":8}}]},"32":{"line":190,"type":"if","locations":[{"start":{"line":190,"column":8},"end":{"line":190,"column":8}},{"start":{"line":190,"column":8},"end":{"line":190,"column":8}}]},"33":{"line":191,"type":"if","locations":[{"start":{"line":191,"column":8},"end":{"line":191,"column":8}},{"start":{"line":191,"column":8},"end":{"line":191,"column":8}}]},"34":{"line":196,"type":"if","locations":[{"start":{"line":196,"column":8},"end":{"line":196,"column":8}},{"start":{"line":196,"column":8},"end":{"line":196,"column":8}}]},"35":{"line":200,"type":"if","locations":[{"start":{"line":200,"column":12},"end":{"line":200,"column":12}},{"start":{"line":200,"column":12},"end":{"line":200,"column":12}}]},"36":{"line":209,"type":"if","locations":[{"start":{"line":209,"column":8},"end":{"line":209,"column":8}},{"start":{"line":209,"column":8},"end":{"line":209,"column":8}}]},"37":{"line":209,"type":"cond-expr","locations":[{"start":{"line":209,"column":12},"end":{"line":209,"column":25}},{"start":{"line":209,"column":30},"end":{"line":209,"column":53}}]},"38":{"line":211,"type":"if","locations":[{"start":{"line":211,"column":8},"end":{"line":211,"column":8}},{"start":{"line":211,"column":8},"end":{"line":211,"column":8}}]},"39":{"line":212,"type":"if","locations":[{"start":{"line":212,"column":8},"end":{"line":212,"column":8}},{"start":{"line":212,"column":8},"end":{"line":212,"column":8}}]},"40":{"line":217,"type":"if","locations":[{"start":{"line":217,"column":8},"end":{"line":217,"column":8}},{"start":{"line":217,"column":8},"end":{"line":217,"column":8}}]},"41":{"line":217,"type":"cond-expr","locations":[{"start":{"line":217,"column":12},"end":{"line":217,"column":25}},{"start":{"line":217,"column":30},"end":{"line":217,"column":53}}]},"42":{"line":219,"type":"if","locations":[{"start":{"line":219,"column":8},"end":{"line":219,"column":8}},{"start":{"line":219,"column":8},"end":{"line":219,"column":8}}]},"43":{"line":219,"type":"cond-expr","locations":[{"start":{"line":219,"column":12},"end":{"line":219,"column":22}},{"start":{"line":219,"column":27},"end":{"line":219,"column":36}}]},"44":{"line":234,"type":"if","locations":[{"start":{"line":234,"column":8},"end":{"line":234,"column":8}},{"start":{"line":234,"column":8},"end":{"line":234,"column":8}}]},"45":{"line":234,"type":"cond-expr","locations":[{"start":{"line":234,"column":12},"end":{"line":234,"column":18}},{"start":{"line":234,"column":23},"end":{"line":234,"column":39}}]},"46":{"line":244,"type":"if","locations":[{"start":{"line":244,"column":35},"end":{"line":244,"column":35}},{"start":{"line":244,"column":35},"end":{"line":244,"column":35}}]},"47":{"line":244,"type":"if","locations":[{"start":{"line":244,"column":45},"end":{"line":244,"column":45}},{"start":{"line":244,"column":45},"end":{"line":244,"column":45}}]},"48":{"line":246,"type":"if","locations":[{"start":{"line":246,"column":8},"end":{"line":246,"column":8}},{"start":{"line":246,"column":8},"end":{"line":246,"column":8}}]},"49":{"line":249,"type":"if","locations":[{"start":{"line":249,"column":8},"end":{"line":249,"column":8}},{"start":{"line":249,"column":8},"end":{"line":249,"column":8}}]},"50":{"line":254,"type":"if","locations":[{"start":{"line":254,"column":64},"end":{"line":254,"column":64}},{"start":{"line":254,"column":64},"end":{"line":254,"column":64}}]},"51":{"line":255,"type":"if","locations":[{"start":{"line":255,"column":8},"end":{"line":255,"column":8}},{"start":{"line":255,"column":8},"end":{"line":255,"column":8}}]},"52":{"line":260,"type":"if","locations":[{"start":{"line":260,"column":67},"end":{"line":260,"column":67}},{"start":{"line":260,"column":67},"end":{"line":260,"column":67}}]},"53":{"line":265,"type":"if","locations":[{"start":{"line":265,"column":58},"end":{"line":265,"column":58}},{"start":{"line":265,"column":58},"end":{"line":265,"column":58}}]},"54":{"line":266,"type":"if","locations":[{"start":{"line":266,"column":8},"end":{"line":266,"column":8}},{"start":{"line":266,"column":8},"end":{"line":266,"column":8}}]},"55":{"line":272,"type":"if","locations":[{"start":{"line":272,"column":67},"end":{"line":272,"column":67}},{"start":{"line":272,"column":67},"end":{"line":272,"column":67}}]},"56":{"line":273,"type":"if","locations":[{"start":{"line":273,"column":8},"end":{"line":273,"column":8}},{"start":{"line":273,"column":8},"end":{"line":273,"column":8}}]},"57":{"line":273,"type":"cond-expr","locations":[{"start":{"line":273,"column":12},"end":{"line":273,"column":26}},{"start":{"line":273,"column":31},"end":{"line":273,"column":47}}]},"58":{"line":278,"type":"if","locations":[{"start":{"line":278,"column":41},"end":{"line":278,"column":41}},{"start":{"line":278,"column":41},"end":{"line":278,"column":41}}]},"59":{"line":278,"type":"if","locations":[{"start":{"line":278,"column":51},"end":{"line":278,"column":51}},{"start":{"line":278,"column":51},"end":{"line":278,"column":51}}]},"60":{"line":280,"type":"if","locations":[{"start":{"line":280,"column":8},"end":{"line":280,"column":8}},{"start":{"line":280,"column":8},"end":{"line":280,"column":8}}]},"61":{"line":283,"type":"if","locations":[{"start":{"line":283,"column":8},"end":{"line":283,"column":8}},{"start":{"line":283,"column":8},"end":{"line":283,"column":8}}]},"62":{"line":288,"type":"if","locations":[{"start":{"line":288,"column":64},"end":{"line":288,"column":64}},{"start":{"line":288,"column":64},"end":{"line":288,"column":64}}]},"63":{"line":288,"type":"if","locations":[{"start":{"line":288,"column":74},"end":{"line":288,"column":74}},{"start":{"line":288,"column":74},"end":{"line":288,"column":74}}]},"64":{"line":293,"type":"if","locations":[{"start":{"line":293,"column":12},"end":{"line":293,"column":12}},{"start":{"line":293,"column":12},"end":{"line":293,"column":12}}]},"65":{"line":297,"type":"if","locations":[{"start":{"line":297,"column":16},"end":{"line":297,"column":16}},{"start":{"line":297,"column":16},"end":{"line":297,"column":16}}]},"66":{"line":305,"type":"if","locations":[{"start":{"line":305,"column":41},"end":{"line":305,"column":41}},{"start":{"line":305,"column":41},"end":{"line":305,"column":41}}]},"67":{"line":307,"type":"if","locations":[{"start":{"line":307,"column":8},"end":{"line":307,"column":8}},{"start":{"line":307,"column":8},"end":{"line":307,"column":8}}]},"68":{"line":310,"type":"if","locations":[{"start":{"line":310,"column":8},"end":{"line":310,"column":8}},{"start":{"line":310,"column":8},"end":{"line":310,"column":8}}]},"69":{"line":314,"type":"if","locations":[{"start":{"line":314,"column":30},"end":{"line":314,"column":30}},{"start":{"line":314,"column":30},"end":{"line":314,"column":30}}]},"70":{"line":318,"type":"if","locations":[{"start":{"line":318,"column":32},"end":{"line":318,"column":32}},{"start":{"line":318,"column":32},"end":{"line":318,"column":32}}]}}},
"contracts\\ethereum\\MockRevert.sol":{"l":{"6":0},"path":"C:\\Projects 2\\Bitcoin_Sprint_Production_2\\contracts\\ethereum\\MockRevert.sol","s":{},"b":{},"f":{},"fnMap":{},"statementMap":{},"branchMap":{}},
"contracts\\test\\MockRevert.sol":{"l":{"6":1},"path":"C:\\Projects 2\\Bitcoin_Sprint_Production_2\\contracts\\test\\MockRevert.sol","s":{},"b":{},"f":{},"fnMap":{},"statementMap":{},"branchMap":{}}}
