TN:
SF:C:\Projects 2\Bitcoin_Sprint_Production_2\contracts\ethereum\BitcoinSprintEntropy.sol
FN:86,onlyAuthorizedFulfiller
FN:91,constructor
FN:100,requestEntropy
FN:130,getRequiredPayment
FN:135,postFulfillerCommit
FN:150,revealAndFulfill
FN:185,requestRefund
FN:208,getEntropyCommitment
FN:216,canRefund
FN:222,getUserRequests
FN:226,getContractStats
FN:230,getRequestMeta
FN:239,escrowBalanceOf
FN:244,sweepStray
FN:254,addAuthorizedFulfiller
FN:260,removeAuthorizedFulfiller
FN:265,updateTreasury
FN:272,updateFulfillmentTimeout
FN:278,withdrawTreasury
FN:288,releaseRefunds
FN:305,withdrawPayments
FN:314,pause
FN:318,unpause
FN:326,
FNF:24
FNH:11
FNDA:17,onlyAuthorizedFulfiller
FNDA:66,constructor
FNDA:16,requestEntropy
FNDA:0,getRequiredPayment
FNDA:7,postFulfillerCommit
FNDA:9,revealAndFulfill
FNDA:5,requestRefund
FNDA:3,getEntropyCommitment
FNDA:0,canRefund
FNDA:0,getUserRequests
FNDA:0,getContractStats
FNDA:0,getRequestMeta
FNDA:0,escrowBalanceOf
FNDA:0,sweepStray
FNDA:1,addAuthorizedFulfiller
FNDA:0,removeAuthorizedFulfiller
FNDA:2,updateTreasury
FNDA:0,updateFulfillmentTimeout
FNDA:2,withdrawTreasury
FNDA:0,releaseRefunds
FNDA:1,withdrawPayments
FNDA:0,pause
FNDA:0,unpause
FNDA:0,
DA:87,17
DA:88,16
DA:92,66
DA:93,66
DA:94,66
DA:95,66
DA:101,16
DA:103,14
DA:104,13
DA:106,12
DA:108,12
DA:122,12
DA:123,12
DA:125,12
DA:126,12
DA:131,0
DA:136,7
DA:137,7
DA:138,7
DA:139,7
DA:140,7
DA:151,9
DA:152,8
DA:153,8
DA:154,7
DA:155,6
DA:158,5
DA:159,5
DA:161,5
DA:162,4
DA:165,4
DA:168,4
DA:169,4
DA:170,4
DA:171,4
DA:174,4
DA:175,4
DA:176,4
DA:177,4
DA:181,4
DA:186,5
DA:187,4
DA:188,4
DA:189,3
DA:190,3
DA:191,3
DA:194,2
DA:195,2
DA:196,2
DA:197,2
DA:199,2
DA:200,2
DA:203,2
DA:209,3
DA:210,2
DA:211,2
DA:212,1
DA:213,0
DA:217,0
DA:218,0
DA:219,0
DA:220,0
DA:223,0
DA:227,0
DA:234,0
DA:235,0
DA:236,0
DA:240,0
DA:245,0
DA:246,0
DA:247,0
DA:248,0
DA:249,0
DA:250,0
DA:255,1
DA:256,0
DA:257,0
DA:261,0
DA:262,0
DA:266,2
DA:267,1
DA:268,1
DA:269,1
DA:273,0
DA:274,0
DA:279,2
DA:280,2
DA:281,1
DA:282,1
DA:283,1
DA:284,0
DA:289,0
DA:290,0
DA:291,0
DA:292,0
DA:293,0
DA:294,0
DA:295,0
DA:297,0
DA:298,0
DA:306,1
DA:307,1
DA:308,0
DA:309,0
DA:310,0
DA:315,0
DA:319,0
DA:324,0
DA:327,0
LF:109
LH:68
BRDA:87,1,0,1
BRDA:87,1,1,16
BRDA:92,2,0,0
BRDA:92,2,1,66
BRDA:100,3,0,16
BRDA:100,3,1,0
BRDA:100,4,0,16
BRDA:100,4,1,0
BRDA:101,5,0,2
BRDA:101,5,1,14
BRDA:101,6,0,1
BRDA:101,6,1,1
BRDA:103,7,0,1
BRDA:103,7,1,13
BRDA:104,8,0,1
BRDA:104,8,1,12
BRDA:135,9,0,7
BRDA:135,9,1,0
BRDA:135,10,0,7
BRDA:135,10,1,0
BRDA:136,11,0,0
BRDA:136,11,1,7
BRDA:136,12,0,0
BRDA:136,12,1,0
BRDA:138,13,0,0
BRDA:138,13,1,7
BRDA:138,14,0,0
BRDA:138,14,1,0
BRDA:139,15,0,0
BRDA:139,15,1,7
BRDA:150,16,0,9
BRDA:150,16,1,1
BRDA:150,17,0,9
BRDA:150,17,1,0
BRDA:151,18,0,1
BRDA:151,18,1,8
BRDA:151,19,0,0
BRDA:151,19,1,1
BRDA:153,20,0,1
BRDA:153,20,1,7
BRDA:154,21,0,1
BRDA:154,21,1,6
BRDA:155,22,0,1
BRDA:155,22,1,5
BRDA:161,23,0,1
BRDA:161,23,1,4
BRDA:162,24,0,0
BRDA:162,24,1,4
BRDA:175,25,0,4
BRDA:175,25,1,0
BRDA:185,26,0,5
BRDA:185,26,1,0
BRDA:185,27,0,5
BRDA:185,27,1,0
BRDA:186,28,0,1
BRDA:186,28,1,4
BRDA:186,29,0,0
BRDA:186,29,1,1
BRDA:188,30,0,1
BRDA:188,30,1,3
BRDA:189,31,0,0
BRDA:189,31,1,3
BRDA:190,32,0,0
BRDA:190,32,1,3
BRDA:191,33,0,1
BRDA:191,33,1,2
BRDA:196,34,0,2
BRDA:196,34,1,0
BRDA:200,35,0,0
BRDA:200,35,1,2
BRDA:209,36,0,1
BRDA:209,36,1,2
BRDA:209,37,0,0
BRDA:209,37,1,1
BRDA:211,38,0,1
BRDA:211,38,1,1
BRDA:212,39,0,1
BRDA:212,39,1,0
BRDA:217,40,0,0
BRDA:217,40,1,0
BRDA:217,41,0,0
BRDA:217,41,1,0
BRDA:219,42,0,0
BRDA:219,42,1,0
BRDA:219,43,0,0
BRDA:219,43,1,0
BRDA:234,44,0,0
BRDA:234,44,1,0
BRDA:234,45,0,0
BRDA:234,45,1,0
BRDA:244,46,0,0
BRDA:244,46,1,0
BRDA:244,47,0,0
BRDA:244,47,1,0
BRDA:246,48,0,0
BRDA:246,48,1,0
BRDA:249,49,0,0
BRDA:249,49,1,0
BRDA:254,50,0,1
BRDA:254,50,1,1
BRDA:255,51,0,1
BRDA:255,51,1,0
BRDA:260,52,0,0
BRDA:260,52,1,0
BRDA:265,53,0,2
BRDA:265,53,1,1
BRDA:266,54,0,1
BRDA:266,54,1,1
BRDA:272,55,0,0
BRDA:272,55,1,0
BRDA:273,56,0,0
BRDA:273,56,1,0
BRDA:273,57,0,0
BRDA:273,57,1,0
BRDA:278,58,0,2
BRDA:278,58,1,1
BRDA:278,59,0,2
BRDA:278,59,1,0
BRDA:280,60,0,1
BRDA:280,60,1,1
BRDA:283,61,0,1
BRDA:283,61,1,0
BRDA:288,62,0,0
BRDA:288,62,1,0
BRDA:288,63,0,0
BRDA:288,63,1,0
BRDA:293,64,0,0
BRDA:293,64,1,0
BRDA:297,65,0,0
BRDA:297,65,1,0
BRDA:305,66,0,1
BRDA:305,66,1,0
BRDA:307,67,0,1
BRDA:307,67,1,0
BRDA:310,68,0,0
BRDA:310,68,1,0
BRDA:314,69,0,0
BRDA:314,69,1,0
BRDA:318,70,0,0
BRDA:318,70,1,0
BRF:140
BRH:68
end_of_record
TN:
SF:C:\Projects 2\Bitcoin_Sprint_Production_2\contracts\ethereum\MockRevert.sol
FNF:0
FNH:0
DA:6,0
LF:1
LH:0
BRF:0
BRH:0
end_of_record
TN:
SF:C:\Projects 2\Bitcoin_Sprint_Production_2\contracts\test\MockRevert.sol
FNF:0
FNH:0
DA:6,1
LF:1
LH:1
BRF:0
BRH:0
end_of_record
